<?xml version="1.0" encoding="UTF-8"?>
<!-- Generated by org.testng.reporters.JUnitXMLReporter -->
<testsuite ignored="0" hostname="ss" failures="1" tests="2" name="Error Validations Test" time="81.74" errors="0" timestamp="2024-09-02T16:47:56 GST">
  <testcase classname="Framework.ErrorValidationsTest" name="LoginErrorValidation" time="1.274">
    <failure type="java.lang.AssertionError" message="expected [Incorrect email or password.] but found [Incorrect email or password..]">
      <![CDATA[java.lang.AssertionError: expected [Incorrect email or password.] but found [Incorrect email or password..]
at Framework.ErrorValidationsTest.LoginErrorValidation(ErrorValidationsTest.java:41)
at java.base/java.util.ArrayList.forEach(ArrayList.java:1596)
... Removed 31 stack frames]]>
    </failure>
  </testcase> <!-- LoginErrorValidation -->
  <testcase classname="Framework.ErrorValidationsTest" name="ProductErrorValidation" time="17.969"/>
</testsuite> <!-- Error Validations Test -->
